2024-10-02 20:20:14,763 INFO  - ****************************************************************************************
2024-10-02 20:20:14,763 INFO  - ****************************************************************************************
2024-10-02 20:20:14,763 INFO  - $$$$$$$$$$$$$$$$$$$$$            Create Token         $$$$$$$$$$$$$$$$$$$$$$$$$
2024-10-02 20:20:14,764 INFO  - ****************************************************************************************
2024-10-02 20:20:14,764 INFO  - ****************************************************************************************
2024-10-02 20:20:14,764 INFO  - Step1 : Genereating the payload string.
2024-10-02 20:20:14,776 INFO  - Step2 : Executing the create token API
2024-10-02 20:20:14,788 INFO  - Request URI is - https://restful-booker.herokuapp.com/auth
2024-10-02 20:20:14,788 INFO  - Request Payload is - {
	"username":"admin",
	"password":"password123"
}
2024-10-02 20:20:17,819 INFO  - Request Response is - {"token":"b199dee02b2e6c5"}
2024-10-02 20:20:18,234 INFO  - Request Response Status Code is - 200
2024-10-02 20:20:18,238 INFO  - Request Response Status Message Code is - HTTP/1.1 200 OK
2024-10-02 20:20:18,241 INFO  - Request Response Header Key is - Content-Type And Value is - application/json; charset=utf-8
2024-10-02 20:20:18,243 INFO  - Request Response Content Type is - application/json; charset=utf-8
2024-10-02 20:20:18,246 INFO  - Request Response Execution Time is - 2307
2024-10-02 20:20:18,246 INFO  - XXXXXXXXXXXXXXXXXXXXXXX             -E---N---D-             XXXXXXXXXXXXXXXXXXXXXX
2024-10-02 20:20:18,246 INFO  - XXXXXXXXXXXXXXXXXXXXXXX***********************************************XXXXXXXXXXXXXXXXXXXXXX
2024-10-02 20:20:18,246 INFO  - XXXXXXXXXXXXXXXXXXXXXXX***********************************************XXXXXXXXXXXXXXXXXXXXXX
2024-10-02 20:20:18,246 INFO  - X
2024-10-02 20:20:18,246 INFO  - X
2024-10-02 20:20:18,246 INFO  - X
2024-10-02 20:20:18,246 INFO  - X
2024-10-02 20:20:18,246 INFO  - X
2024-10-02 20:20:18,256 INFO  - ****************************************************************************************
2024-10-02 20:20:18,256 INFO  - ****************************************************************************************
2024-10-02 20:20:18,256 INFO  - $$$$$$$$$$$$$$$$$$$$$            Get Booking Id All         $$$$$$$$$$$$$$$$$$$$$$$$$
2024-10-02 20:20:18,256 INFO  - ****************************************************************************************
2024-10-02 20:20:18,256 INFO  - ****************************************************************************************
2024-10-02 20:20:18,259 INFO  - Request URI is - https://restful-booker.herokuapp.com/booking
2024-10-02 20:20:19,709 INFO  - Request Response is - [{"bookingid":173},{"bookingid":22},{"bookingid":139},{"bookingid":62},{"bookingid":209},{"bookingid":208},{"bookingid":3},{"bookingid":176},{"bookingid":177},{"bookingid":201},{"bookingid":46},{"bookingid":211},{"bookingid":158},{"bookingid":133},{"bookingid":180},{"bookingid":84},{"bookingid":144},{"bookingid":54},{"bookingid":123},{"bookingid":39},{"bookingid":48},{"bookingid":24},{"bookingid":81},{"bookingid":100},{"bookingid":10},{"bookingid":216},{"bookingid":99},{"bookingid":89},{"bookingid":71},{"bookingid":95},{"bookingid":196},{"bookingid":192},{"bookingid":47},{"bookingid":28},{"bookingid":131},{"bookingid":183},{"bookingid":156},{"bookingid":161},{"bookingid":18},{"bookingid":44},{"bookingid":15},{"bookingid":70},{"bookingid":154},{"bookingid":147},{"bookingid":126},{"bookingid":169},{"bookingid":104},{"bookingid":191},{"bookingid":77},{"bookingid":118},{"bookingid":98},{"bookingid":53},{"bookingid":111},{"bookingid":200},{"bookingid":112},{"bookingid":122},{"bookingid":43},{"bookingid":227},{"bookingid":75},{"bookingid":90},{"bookingid":35},{"bookingid":60},{"bookingid":5},{"bookingid":12},{"bookingid":17},{"bookingid":224},{"bookingid":187},{"bookingid":69},{"bookingid":41},{"bookingid":42},{"bookingid":37},{"bookingid":1},{"bookingid":221},{"bookingid":195},{"bookingid":203},{"bookingid":107},{"bookingid":136},{"bookingid":146},{"bookingid":97},{"bookingid":20},{"bookingid":223},{"bookingid":226},{"bookingid":73},{"bookingid":109},{"bookingid":142},{"bookingid":207},{"bookingid":65},{"bookingid":106},{"bookingid":88},{"bookingid":91},{"bookingid":219},{"bookingid":38},{"bookingid":145},{"bookingid":171},{"bookingid":175},{"bookingid":87},{"bookingid":124},{"bookingid":52},{"bookingid":210},{"bookingid":135},{"bookingid":63},{"bookingid":114},{"bookingid":102},{"bookingid":218},{"bookingid":202},{"bookingid":94},{"bookingid":132},{"bookingid":11},{"bookingid":31},{"bookingid":168},{"bookingid":86},{"bookingid":163},{"bookingid":30},{"bookingid":79},{"bookingid":45},{"bookingid":105},{"bookingid":56},{"bookingid":14},{"bookingid":7},{"bookingid":184},{"bookingid":174},{"bookingid":101},{"bookingid":78},{"bookingid":166},{"bookingid":61},{"bookingid":215},{"bookingid":206},{"bookingid":117},{"bookingid":116},{"bookingid":32},{"bookingid":152},{"bookingid":74},{"bookingid":67},{"bookingid":194},{"bookingid":9},{"bookingid":19},{"bookingid":29},{"bookingid":164},{"bookingid":130},{"bookingid":129},{"bookingid":197},{"bookingid":2},{"bookingid":36},{"bookingid":72},{"bookingid":13},{"bookingid":83},{"bookingid":82},{"bookingid":6},{"bookingid":185},{"bookingid":160},{"bookingid":138},{"bookingid":188},{"bookingid":141},{"bookingid":179},{"bookingid":55},{"bookingid":217},{"bookingid":159},{"bookingid":120},{"bookingid":8},{"bookingid":58},{"bookingid":34},{"bookingid":27},{"bookingid":4},{"bookingid":153},{"bookingid":128},{"bookingid":66},{"bookingid":57},{"bookingid":21},{"bookingid":225},{"bookingid":23},{"bookingid":149}]
2024-10-02 20:20:19,710 INFO  - XXXXXXXXXXXXXXXXXXXXXXX             -E---N---D-             XXXXXXXXXXXXXXXXXXXXXX
2024-10-02 20:20:19,710 INFO  - XXXXXXXXXXXXXXXXXXXXXXX***********************************************XXXXXXXXXXXXXXXXXXXXXX
2024-10-02 20:20:19,710 INFO  - XXXXXXXXXXXXXXXXXXXXXXX***********************************************XXXXXXXXXXXXXXXXXXXXXX
2024-10-02 20:20:19,710 INFO  - X
2024-10-02 20:20:19,710 INFO  - X
2024-10-02 20:20:19,710 INFO  - X
2024-10-02 20:20:19,710 INFO  - X
2024-10-02 20:20:19,710 INFO  - X
2024-10-02 20:20:19,715 INFO  - ****************************************************************************************
2024-10-02 20:20:19,715 INFO  - ****************************************************************************************
2024-10-02 20:20:19,715 INFO  - $$$$$$$$$$$$$$$$$$$$$            Get Booking Id By Date         $$$$$$$$$$$$$$$$$$$$$$$$$
2024-10-02 20:20:19,715 INFO  - ****************************************************************************************
2024-10-02 20:20:19,715 INFO  - ****************************************************************************************
2024-10-02 20:20:19,735 INFO  - Request URI is - https://restful-booker.herokuapp.com/booking
2024-10-02 20:20:21,206 INFO  - Request Response is - []
2024-10-02 20:20:21,207 INFO  - XXXXXXXXXXXXXXXXXXXXXXX             -E---N---D-             XXXXXXXXXXXXXXXXXXXXXX
2024-10-02 20:20:21,207 INFO  - XXXXXXXXXXXXXXXXXXXXXXX***********************************************XXXXXXXXXXXXXXXXXXXXXX
2024-10-02 20:20:21,207 INFO  - XXXXXXXXXXXXXXXXXXXXXXX***********************************************XXXXXXXXXXXXXXXXXXXXXX
2024-10-02 20:20:21,207 INFO  - X
2024-10-02 20:20:21,207 INFO  - X
2024-10-02 20:20:21,207 INFO  - X
2024-10-02 20:20:21,207 INFO  - X
2024-10-02 20:20:21,207 INFO  - X
2024-10-02 20:20:21,216 INFO  - ****************************************************************************************
2024-10-02 20:20:21,216 INFO  - ****************************************************************************************
2024-10-02 20:20:21,216 INFO  - $$$$$$$$$$$$$$$$$$$$$            Get Booking Id By Name         $$$$$$$$$$$$$$$$$$$$$$$$$
2024-10-02 20:20:21,216 INFO  - ****************************************************************************************
2024-10-02 20:20:21,216 INFO  - ****************************************************************************************
2024-10-02 20:20:21,219 INFO  - Request URI is - https://restful-booker.herokuapp.com/booking
2024-10-02 20:20:22,626 INFO  - Request Response is - [{"bookingid":22},{"bookingid":62},{"bookingid":209},{"bookingid":177},{"bookingid":46},{"bookingid":211},{"bookingid":54},{"bookingid":123},{"bookingid":48},{"bookingid":242},{"bookingid":24},{"bookingid":99},{"bookingid":89},{"bookingid":95},{"bookingid":196},{"bookingid":192},{"bookingid":47},{"bookingid":183},{"bookingid":156},{"bookingid":15},{"bookingid":126},{"bookingid":238},{"bookingid":104},{"bookingid":232},{"bookingid":77},{"bookingid":111},{"bookingid":227},{"bookingid":75},{"bookingid":17},{"bookingid":187},{"bookingid":69},{"bookingid":42},{"bookingid":221},{"bookingid":203},{"bookingid":146},{"bookingid":235},{"bookingid":226},{"bookingid":73},{"bookingid":106},{"bookingid":88},{"bookingid":219},{"bookingid":38},{"bookingid":145},{"bookingid":171},{"bookingid":248},{"bookingid":175},{"bookingid":52},{"bookingid":210},{"bookingid":135},{"bookingid":114},{"bookingid":218},{"bookingid":202},{"bookingid":94},{"bookingid":168},{"bookingid":163},{"bookingid":30},{"bookingid":105},{"bookingid":56},{"bookingid":61},{"bookingid":117},{"bookingid":244},{"bookingid":249},{"bookingid":164},{"bookingid":130},{"bookingid":197},{"bookingid":36},{"bookingid":13},{"bookingid":83},{"bookingid":82},{"bookingid":138},{"bookingid":188},{"bookingid":141},{"bookingid":179},{"bookingid":159},{"bookingid":120},{"bookingid":153},{"bookingid":66},{"bookingid":23},{"bookingid":149}]
2024-10-02 20:20:22,626 INFO  - XXXXXXXXXXXXXXXXXXXXXXX             -E---N---D-             XXXXXXXXXXXXXXXXXXXXXX
2024-10-02 20:20:22,626 INFO  - XXXXXXXXXXXXXXXXXXXXXXX***********************************************XXXXXXXXXXXXXXXXXXXXXX
2024-10-02 20:20:22,626 INFO  - XXXXXXXXXXXXXXXXXXXXXXX***********************************************XXXXXXXXXXXXXXXXXXXXXX
2024-10-02 20:20:22,626 INFO  - X
2024-10-02 20:20:22,627 INFO  - X
2024-10-02 20:20:22,627 INFO  - X
2024-10-02 20:20:22,627 INFO  - X
2024-10-02 20:20:22,627 INFO  - X
